The system is: Darwin - 18.0.0 - x86_64
Compiling the C compiler identification source file "CMakeCCompilerId.c" succeeded.
Compiler: /Applications/Xcode.app/Contents/Developer/Toolchains/XcodeDefault.xctoolchain/usr/bin/cc 
Build flags: 
Id flags:  

The output was:
0


Compilation of the C compiler identification source "CMakeCCompilerId.c" produced "a.out"

The C compiler identification is AppleClang, found in "/Users/s/dev/euler/002-even-fibonacci-numbers/cmake-build-debug/CMakeFiles/3.13.2/CompilerIdC/a.out"

Determining if the C compiler works passed with the following output:
Change Dir: /Users/s/dev/euler/002-even-fibonacci-numbers/cmake-build-debug/CMakeFiles/CMakeTmp

Run Build Command:"/opt/local/bin/gmake" "cmTC_4e489/fast"
/opt/local/bin/gmake -f CMakeFiles/cmTC_4e489.dir/build.make CMakeFiles/cmTC_4e489.dir/build
gmake[1]: Улазим у директоријум „/Users/s/dev/euler/002-even-fibonacci-numbers/cmake-build-debug/CMakeFiles/CMakeTmp“
Building C object CMakeFiles/cmTC_4e489.dir/testCCompiler.c.o
/Applications/Xcode.app/Contents/Developer/Toolchains/XcodeDefault.xctoolchain/usr/bin/cc   -isysroot /Applications/Xcode.app/Contents/Developer/Platforms/MacOSX.platform/Developer/SDKs/MacOSX10.14.sdk   -o CMakeFiles/cmTC_4e489.dir/testCCompiler.c.o   -c /Users/s/dev/euler/002-even-fibonacci-numbers/cmake-build-debug/CMakeFiles/CMakeTmp/testCCompiler.c
Linking C executable cmTC_4e489
/Applications/CLion.app/Contents/bin/cmake/mac/bin/cmake -E cmake_link_script CMakeFiles/cmTC_4e489.dir/link.txt --verbose=1
/Applications/Xcode.app/Contents/Developer/Toolchains/XcodeDefault.xctoolchain/usr/bin/cc   -isysroot /Applications/Xcode.app/Contents/Developer/Platforms/MacOSX.platform/Developer/SDKs/MacOSX10.14.sdk -Wl,-search_paths_first -Wl,-headerpad_max_install_names   CMakeFiles/cmTC_4e489.dir/testCCompiler.c.o  -o cmTC_4e489 
gmake[1]: Напуштам директоријум „/Users/s/dev/euler/002-even-fibonacci-numbers/cmake-build-debug/CMakeFiles/CMakeTmp“


Detecting C compiler ABI info compiled with the following output:
Change Dir: /Users/s/dev/euler/002-even-fibonacci-numbers/cmake-build-debug/CMakeFiles/CMakeTmp

Run Build Command:"/opt/local/bin/gmake" "cmTC_d07e6/fast"
/opt/local/bin/gmake -f CMakeFiles/cmTC_d07e6.dir/build.make CMakeFiles/cmTC_d07e6.dir/build
gmake[1]: Улазим у директоријум „/Users/s/dev/euler/002-even-fibonacci-numbers/cmake-build-debug/CMakeFiles/CMakeTmp“
Building C object CMakeFiles/cmTC_d07e6.dir/CMakeCCompilerABI.c.o
/Applications/Xcode.app/Contents/Developer/Toolchains/XcodeDefault.xctoolchain/usr/bin/cc   -isysroot /Applications/Xcode.app/Contents/Developer/Platforms/MacOSX.platform/Developer/SDKs/MacOSX10.14.sdk   -o CMakeFiles/cmTC_d07e6.dir/CMakeCCompilerABI.c.o   -c /Applications/CLion.app/Contents/bin/cmake/mac/share/cmake-3.13/Modules/CMakeCCompilerABI.c
Linking C executable cmTC_d07e6
/Applications/CLion.app/Contents/bin/cmake/mac/bin/cmake -E cmake_link_script CMakeFiles/cmTC_d07e6.dir/link.txt --verbose=1
/Applications/Xcode.app/Contents/Developer/Toolchains/XcodeDefault.xctoolchain/usr/bin/cc   -isysroot /Applications/Xcode.app/Contents/Developer/Platforms/MacOSX.platform/Developer/SDKs/MacOSX10.14.sdk -Wl,-search_paths_first -Wl,-headerpad_max_install_names  -v -Wl,-v CMakeFiles/cmTC_d07e6.dir/CMakeCCompilerABI.c.o  -o cmTC_d07e6 
Apple LLVM version 10.0.0 (clang-1000.11.45.2)
Target: x86_64-apple-darwin18.0.0
Thread model: posix
InstalledDir: /Applications/Xcode.app/Contents/Developer/Toolchains/XcodeDefault.xctoolchain/usr/bin
 "/Applications/Xcode.app/Contents/Developer/Toolchains/XcodeDefault.xctoolchain/usr/bin/ld" -demangle -lto_library /Applications/Xcode.app/Contents/Developer/Toolchains/XcodeDefault.xctoolchain/usr/lib/libLTO.dylib -dynamic -arch x86_64 -macosx_version_min 10.14.0 -syslibroot /Applications/Xcode.app/Contents/Developer/Platforms/MacOSX.platform/Developer/SDKs/MacOSX10.14.sdk -o cmTC_d07e6 -search_paths_first -headerpad_max_install_names -v CMakeFiles/cmTC_d07e6.dir/CMakeCCompilerABI.c.o -L/Users/s/lib -L. -L/opt/local/lib/ -lSystem /Applications/Xcode.app/Contents/Developer/Toolchains/XcodeDefault.xctoolchain/usr/lib/clang/10.0.0/lib/darwin/libclang_rt.osx.a
@(#)PROGRAM:ld  PROJECT:ld64-409.12
BUILD 02:04:28 Aug 14 2018
configured to support archs: armv6 armv7 armv7s arm64 i386 x86_64 x86_64h armv6m armv7k armv7m armv7em arm64e arm64_32
Library search paths:
	/Users/s/lib
	.
	/opt/local/lib/
	/Applications/Xcode.app/Contents/Developer/Platforms/MacOSX.platform/Developer/SDKs/MacOSX10.14.sdk/usr/lib
Framework search paths:
	/Applications/Xcode.app/Contents/Developer/Platforms/MacOSX.platform/Developer/SDKs/MacOSX10.14.sdk/System/Library/Frameworks/
gmake[1]: Напуштам директоријум „/Users/s/dev/euler/002-even-fibonacci-numbers/cmake-build-debug/CMakeFiles/CMakeTmp“


Parsed C implicit link information from above output:
  link line regex: [^( *|.*[/\])(ld|CMAKE_LINK_STARTFILE-NOTFOUND|([^/\]+-)?ld|collect2)[^/\]*( |$)]
  ignore line: [Change Dir: /Users/s/dev/euler/002-even-fibonacci-numbers/cmake-build-debug/CMakeFiles/CMakeTmp]
  ignore line: []
  ignore line: [Run Build Command:"/opt/local/bin/gmake" "cmTC_d07e6/fast"]
  ignore line: [/opt/local/bin/gmake -f CMakeFiles/cmTC_d07e6.dir/build.make CMakeFiles/cmTC_d07e6.dir/build]
  ignore line: [gmake[1]: Улазим у директоријум „/Users/s/dev/euler/002-even-fibonacci-numbers/cmake-build-debug/CMakeFiles/CMakeTmp“]
  ignore line: [Building C object CMakeFiles/cmTC_d07e6.dir/CMakeCCompilerABI.c.o]
  ignore line: [/Applications/Xcode.app/Contents/Developer/Toolchains/XcodeDefault.xctoolchain/usr/bin/cc   -isysroot /Applications/Xcode.app/Contents/Developer/Platforms/MacOSX.platform/Developer/SDKs/MacOSX10.14.sdk   -o CMakeFiles/cmTC_d07e6.dir/CMakeCCompilerABI.c.o   -c /Applications/CLion.app/Contents/bin/cmake/mac/share/cmake-3.13/Modules/CMakeCCompilerABI.c]
  ignore line: [Linking C executable cmTC_d07e6]
  ignore line: [/Applications/CLion.app/Contents/bin/cmake/mac/bin/cmake -E cmake_link_script CMakeFiles/cmTC_d07e6.dir/link.txt --verbose=1]
  ignore line: [/Applications/Xcode.app/Contents/Developer/Toolchains/XcodeDefault.xctoolchain/usr/bin/cc   -isysroot /Applications/Xcode.app/Contents/Developer/Platforms/MacOSX.platform/Developer/SDKs/MacOSX10.14.sdk -Wl,-search_paths_first -Wl,-headerpad_max_install_names  -v -Wl,-v CMakeFiles/cmTC_d07e6.dir/CMakeCCompilerABI.c.o  -o cmTC_d07e6 ]
  ignore line: [Apple LLVM version 10.0.0 (clang-1000.11.45.2)]
  ignore line: [Target: x86_64-apple-darwin18.0.0]
  ignore line: [Thread model: posix]
  ignore line: [InstalledDir: /Applications/Xcode.app/Contents/Developer/Toolchains/XcodeDefault.xctoolchain/usr/bin]
  link line: [ "/Applications/Xcode.app/Contents/Developer/Toolchains/XcodeDefault.xctoolchain/usr/bin/ld" -demangle -lto_library /Applications/Xcode.app/Contents/Developer/Toolchains/XcodeDefault.xctoolchain/usr/lib/libLTO.dylib -dynamic -arch x86_64 -macosx_version_min 10.14.0 -syslibroot /Applications/Xcode.app/Contents/Developer/Platforms/MacOSX.platform/Developer/SDKs/MacOSX10.14.sdk -o cmTC_d07e6 -search_paths_first -headerpad_max_install_names -v CMakeFiles/cmTC_d07e6.dir/CMakeCCompilerABI.c.o -L/Users/s/lib -L. -L/opt/local/lib/ -lSystem /Applications/Xcode.app/Contents/Developer/Toolchains/XcodeDefault.xctoolchain/usr/lib/clang/10.0.0/lib/darwin/libclang_rt.osx.a]
    arg [/Applications/Xcode.app/Contents/Developer/Toolchains/XcodeDefault.xctoolchain/usr/bin/ld] ==> ignore
    arg [-demangle] ==> ignore
    arg [-lto_library] ==> ignore, skip following value
    arg [/Applications/Xcode.app/Contents/Developer/Toolchains/XcodeDefault.xctoolchain/usr/lib/libLTO.dylib] ==> skip value of -lto_library
    arg [-dynamic] ==> ignore
    arg [-arch] ==> ignore
    arg [x86_64] ==> ignore
    arg [-macosx_version_min] ==> ignore
    arg [10.14.0] ==> ignore
    arg [-syslibroot] ==> ignore
    arg [/Applications/Xcode.app/Contents/Developer/Platforms/MacOSX.platform/Developer/SDKs/MacOSX10.14.sdk] ==> ignore
    arg [-o] ==> ignore
    arg [cmTC_d07e6] ==> ignore
    arg [-search_paths_first] ==> ignore
    arg [-headerpad_max_install_names] ==> ignore
    arg [-v] ==> ignore
    arg [CMakeFiles/cmTC_d07e6.dir/CMakeCCompilerABI.c.o] ==> ignore
    arg [-L/Users/s/lib] ==> dir [/Users/s/lib]
    arg [-L.] ==> ignore
    arg [-L/opt/local/lib/] ==> dir [/opt/local/lib/]
    arg [-lSystem] ==> lib [System]
    arg [/Applications/Xcode.app/Contents/Developer/Toolchains/XcodeDefault.xctoolchain/usr/lib/clang/10.0.0/lib/darwin/libclang_rt.osx.a] ==> lib [/Applications/Xcode.app/Contents/Developer/Toolchains/XcodeDefault.xctoolchain/usr/lib/clang/10.0.0/lib/darwin/libclang_rt.osx.a]
  Library search paths: [;/Users/s/lib;.;/opt/local/lib/;/Applications/Xcode.app/Contents/Developer/Platforms/MacOSX.platform/Developer/SDKs/MacOSX10.14.sdk/usr/lib]
  Framework search paths: [;/Applications/Xcode.app/Contents/Developer/Platforms/MacOSX.platform/Developer/SDKs/MacOSX10.14.sdk/System/Library/Frameworks/]
  remove lib [System]
  remove lib [/Applications/Xcode.app/Contents/Developer/Toolchains/XcodeDefault.xctoolchain/usr/lib/clang/10.0.0/lib/darwin/libclang_rt.osx.a]
  collapse library dir [/Users/s/lib] ==> [/Users/s/lib]
  collapse library dir [/opt/local/lib/] ==> [/opt/local/lib]
  collapse library dir [/Users/s/lib] ==> [/Users/s/lib]
  collapse library dir [.] ==> [/Users/s/dev/euler/002-even-fibonacci-numbers]
  collapse library dir [/opt/local/lib/] ==> [/opt/local/lib]
  collapse library dir [/Applications/Xcode.app/Contents/Developer/Platforms/MacOSX.platform/Developer/SDKs/MacOSX10.14.sdk/usr/lib] ==> [/Applications/Xcode.app/Contents/Developer/Platforms/MacOSX.platform/Developer/SDKs/MacOSX10.14.sdk/usr/lib]
  collapse framework dir [/Applications/Xcode.app/Contents/Developer/Platforms/MacOSX.platform/Developer/SDKs/MacOSX10.14.sdk/System/Library/Frameworks/] ==> [/Applications/Xcode.app/Contents/Developer/Platforms/MacOSX.platform/Developer/SDKs/MacOSX10.14.sdk/System/Library/Frameworks]
  implicit libs: []
  implicit dirs: [/Users/s/lib;/opt/local/lib;/Users/s/dev/euler/002-even-fibonacci-numbers;/Applications/Xcode.app/Contents/Developer/Platforms/MacOSX.platform/Developer/SDKs/MacOSX10.14.sdk/usr/lib]
  implicit fwks: [/Applications/Xcode.app/Contents/Developer/Platforms/MacOSX.platform/Developer/SDKs/MacOSX10.14.sdk/System/Library/Frameworks]




Detecting C [-std=c11] compiler features compiled with the following output:
Change Dir: /Users/s/dev/euler/002-even-fibonacci-numbers/cmake-build-debug/CMakeFiles/CMakeTmp

Run Build Command:"/opt/local/bin/gmake" "cmTC_693fb/fast"
/opt/local/bin/gmake -f CMakeFiles/cmTC_693fb.dir/build.make CMakeFiles/cmTC_693fb.dir/build
gmake[1]: Улазим у директоријум „/Users/s/dev/euler/002-even-fibonacci-numbers/cmake-build-debug/CMakeFiles/CMakeTmp“
Building C object CMakeFiles/cmTC_693fb.dir/feature_tests.c.o
/Applications/Xcode.app/Contents/Developer/Toolchains/XcodeDefault.xctoolchain/usr/bin/cc   -isysroot /Applications/Xcode.app/Contents/Developer/Platforms/MacOSX.platform/Developer/SDKs/MacOSX10.14.sdk   -std=c11 -o CMakeFiles/cmTC_693fb.dir/feature_tests.c.o   -c /Users/s/dev/euler/002-even-fibonacci-numbers/cmake-build-debug/CMakeFiles/feature_tests.c
Linking C executable cmTC_693fb
/Applications/CLion.app/Contents/bin/cmake/mac/bin/cmake -E cmake_link_script CMakeFiles/cmTC_693fb.dir/link.txt --verbose=1
/Applications/Xcode.app/Contents/Developer/Toolchains/XcodeDefault.xctoolchain/usr/bin/cc   -isysroot /Applications/Xcode.app/Contents/Developer/Platforms/MacOSX.platform/Developer/SDKs/MacOSX10.14.sdk -Wl,-search_paths_first -Wl,-headerpad_max_install_names   CMakeFiles/cmTC_693fb.dir/feature_tests.c.o  -o cmTC_693fb 
gmake[1]: Напуштам директоријум „/Users/s/dev/euler/002-even-fibonacci-numbers/cmake-build-debug/CMakeFiles/CMakeTmp“


    Feature record: C_FEATURE:1c_function_prototypes
    Feature record: C_FEATURE:1c_restrict
    Feature record: C_FEATURE:1c_static_assert
    Feature record: C_FEATURE:1c_variadic_macros


Detecting C [-std=c99] compiler features compiled with the following output:
Change Dir: /Users/s/dev/euler/002-even-fibonacci-numbers/cmake-build-debug/CMakeFiles/CMakeTmp

Run Build Command:"/opt/local/bin/gmake" "cmTC_00510/fast"
/opt/local/bin/gmake -f CMakeFiles/cmTC_00510.dir/build.make CMakeFiles/cmTC_00510.dir/build
gmake[1]: Улазим у директоријум „/Users/s/dev/euler/002-even-fibonacci-numbers/cmake-build-debug/CMakeFiles/CMakeTmp“
Building C object CMakeFiles/cmTC_00510.dir/feature_tests.c.o
/Applications/Xcode.app/Contents/Developer/Toolchains/XcodeDefault.xctoolchain/usr/bin/cc   -isysroot /Applications/Xcode.app/Contents/Developer/Platforms/MacOSX.platform/Developer/SDKs/MacOSX10.14.sdk   -std=c99 -o CMakeFiles/cmTC_00510.dir/feature_tests.c.o   -c /Users/s/dev/euler/002-even-fibonacci-numbers/cmake-build-debug/CMakeFiles/feature_tests.c
Linking C executable cmTC_00510
/Applications/CLion.app/Contents/bin/cmake/mac/bin/cmake -E cmake_link_script CMakeFiles/cmTC_00510.dir/link.txt --verbose=1
/Applications/Xcode.app/Contents/Developer/Toolchains/XcodeDefault.xctoolchain/usr/bin/cc   -isysroot /Applications/Xcode.app/Contents/Developer/Platforms/MacOSX.platform/Developer/SDKs/MacOSX10.14.sdk -Wl,-search_paths_first -Wl,-headerpad_max_install_names   CMakeFiles/cmTC_00510.dir/feature_tests.c.o  -o cmTC_00510 
gmake[1]: Напуштам директоријум „/Users/s/dev/euler/002-even-fibonacci-numbers/cmake-build-debug/CMakeFiles/CMakeTmp“


    Feature record: C_FEATURE:1c_function_prototypes
    Feature record: C_FEATURE:1c_restrict
    Feature record: C_FEATURE:0c_static_assert
    Feature record: C_FEATURE:1c_variadic_macros


Detecting C [-std=c90] compiler features compiled with the following output:
Change Dir: /Users/s/dev/euler/002-even-fibonacci-numbers/cmake-build-debug/CMakeFiles/CMakeTmp

Run Build Command:"/opt/local/bin/gmake" "cmTC_725d4/fast"
/opt/local/bin/gmake -f CMakeFiles/cmTC_725d4.dir/build.make CMakeFiles/cmTC_725d4.dir/build
gmake[1]: Улазим у директоријум „/Users/s/dev/euler/002-even-fibonacci-numbers/cmake-build-debug/CMakeFiles/CMakeTmp“
Building C object CMakeFiles/cmTC_725d4.dir/feature_tests.c.o
/Applications/Xcode.app/Contents/Developer/Toolchains/XcodeDefault.xctoolchain/usr/bin/cc   -isysroot /Applications/Xcode.app/Contents/Developer/Platforms/MacOSX.platform/Developer/SDKs/MacOSX10.14.sdk   -std=c90 -o CMakeFiles/cmTC_725d4.dir/feature_tests.c.o   -c /Users/s/dev/euler/002-even-fibonacci-numbers/cmake-build-debug/CMakeFiles/feature_tests.c
Linking C executable cmTC_725d4
/Applications/CLion.app/Contents/bin/cmake/mac/bin/cmake -E cmake_link_script CMakeFiles/cmTC_725d4.dir/link.txt --verbose=1
/Applications/Xcode.app/Contents/Developer/Toolchains/XcodeDefault.xctoolchain/usr/bin/cc   -isysroot /Applications/Xcode.app/Contents/Developer/Platforms/MacOSX.platform/Developer/SDKs/MacOSX10.14.sdk -Wl,-search_paths_first -Wl,-headerpad_max_install_names   CMakeFiles/cmTC_725d4.dir/feature_tests.c.o  -o cmTC_725d4 
gmake[1]: Напуштам директоријум „/Users/s/dev/euler/002-even-fibonacci-numbers/cmake-build-debug/CMakeFiles/CMakeTmp“


    Feature record: C_FEATURE:1c_function_prototypes
    Feature record: C_FEATURE:0c_restrict
    Feature record: C_FEATURE:0c_static_assert
    Feature record: C_FEATURE:0c_variadic_macros
